d:\documents\visual studio 2013\projects\h265encoder_simp\h265encoder_simp\debug\vc120.pdb
d:\documents\visual studio 2013\projects\h265encoder_simp\h265encoder_simp\debug\vc120.idb
d:\documents\visual studio 2013\projects\h265encoder_simp\h265encoder_simp\debug\api.obj
d:\documents\visual studio 2013\projects\h265encoder_simp\h265encoder_simp\debug\main.obj
d:\documents\visual studio 2013\projects\h265encoder_simp\h265encoder_simp\debug\param.obj
d:\documents\visual studio 2013\projects\h265encoder_simp\h265encoder_simp\debug\constant.obj
d:\documents\visual studio 2013\projects\h265encoder_simp\h265encoder_simp\debug\primitives.obj
d:\documents\visual studio 2013\projects\h265encoder_simp\h265encoder_simp\debug\input.obj
d:\documents\visual studio 2013\projects\h265encoder_simp\h265encoder_simp\debug\intrapred.obj
d:\documents\visual studio 2013\projects\h265encoder_simp\h265encoder_simp\debug\ipfilter.obj
d:\documents\visual studio 2013\projects\h265encoder_simp\h265encoder_simp\debug\level.obj
d:\documents\visual studio 2013\projects\h265encoder_simp\h265encoder_simp\debug\motion.obj
d:\documents\visual studio 2013\projects\h265encoder_simp\h265encoder_simp\debug\mv.obj
d:\documents\visual studio 2013\projects\h265encoder_simp\h265encoder_simp\debug\nal.obj
d:\documents\visual studio 2013\projects\h265encoder_simp\h265encoder_simp\debug\piclist.obj
d:\documents\visual studio 2013\projects\h265encoder_simp\h265encoder_simp\debug\picyuv.obj
d:\documents\visual studio 2013\projects\h265encoder_simp\h265encoder_simp\debug\pixel.obj
d:\documents\visual studio 2013\projects\h265encoder_simp\h265encoder_simp\debug\predict.obj
d:\documents\visual studio 2013\projects\h265encoder_simp\h265encoder_simp\debug\quant.obj
d:\documents\visual studio 2013\projects\h265encoder_simp\h265encoder_simp\debug\rdcost.obj
d:\documents\visual studio 2013\projects\h265encoder_simp\h265encoder_simp\debug\reference.obj
d:\documents\visual studio 2013\projects\h265encoder_simp\h265encoder_simp\debug\search.obj
d:\documents\visual studio 2013\projects\h265encoder_simp\h265encoder_simp\debug\shortyuv.obj
d:\documents\visual studio 2013\projects\h265encoder_simp\h265encoder_simp\debug\slice.obj
d:\documents\visual studio 2013\projects\h265encoder_simp\h265encoder_simp\debug\yuv.obj
d:\documents\visual studio 2013\projects\h265encoder_simp\h265encoder_simp\debug\bitstream.obj
d:\documents\visual studio 2013\projects\h265encoder_simp\h265encoder_simp\debug\analysis.obj
d:\documents\visual studio 2013\projects\h265encoder_simp\h265encoder_simp\debug\bitcost.obj
d:\documents\visual studio 2013\projects\h265encoder_simp\h265encoder_simp\debug\cudata.obj
d:\documents\visual studio 2013\projects\h265encoder_simp\h265encoder_simp\debug\dct.obj
d:\documents\visual studio 2013\projects\h265encoder_simp\h265encoder_simp\debug\deblock.obj
d:\documents\visual studio 2013\projects\h265encoder_simp\h265encoder_simp\debug\dpb.obj
d:\documents\visual studio 2013\projects\h265encoder_simp\h265encoder_simp\debug\encoder.obj
d:\documents\visual studio 2013\projects\h265encoder_simp\h265encoder_simp\debug\entropy.obj
d:\documents\visual studio 2013\projects\h265encoder_simp\h265encoder_simp\debug\frame.obj
d:\documents\visual studio 2013\projects\h265encoder_simp\h265encoder_simp\debug\framedata.obj
d:\documents\visual studio 2013\projects\h265encoder_simp\h265encoder_simp\debug\frameencoder.obj
d:\documents\visual studio 2013\projects\h265encoder_simp\h265encoder_simp\debug\framefilter.obj
d:\documents\visual studio 2013\projects\h265encoder_simp\h265encoder_simp\debug\lowres.obj
d:\documents\visual studio 2013\projects\h265encoder_simp\h265encoder_simp\debug\common.obj
d:\documents\visual studio 2013\projects\h265encoder_simp\h265encoder_simp\debug\scalinglist.obj
d:\documents\visual studio 2013\projects\h265encoder_simp\debug\h265encoder_simp.ilk
d:\documents\visual studio 2013\projects\h265encoder_simp\debug\h265encoder_simp.exe
d:\documents\visual studio 2013\projects\h265encoder_simp\debug\h265encoder_simp.pdb
d:\documents\visual studio 2013\projects\h265encoder_simp\h265encoder_simp\debug\h265encoder_simp.tlog\cl.command.1.tlog
d:\documents\visual studio 2013\projects\h265encoder_simp\h265encoder_simp\debug\h265encoder_simp.tlog\cl.read.1.tlog
d:\documents\visual studio 2013\projects\h265encoder_simp\h265encoder_simp\debug\h265encoder_simp.tlog\cl.write.1.tlog
d:\documents\visual studio 2013\projects\h265encoder_simp\h265encoder_simp\debug\h265encoder_simp.tlog\link-cvtres.read.1.tlog
d:\documents\visual studio 2013\projects\h265encoder_simp\h265encoder_simp\debug\h265encoder_simp.tlog\link-cvtres.write.1.tlog
d:\documents\visual studio 2013\projects\h265encoder_simp\h265encoder_simp\debug\h265encoder_simp.tlog\link-rc.read.1.tlog
d:\documents\visual studio 2013\projects\h265encoder_simp\h265encoder_simp\debug\h265encoder_simp.tlog\link-rc.write.1.tlog
d:\documents\visual studio 2013\projects\h265encoder_simp\h265encoder_simp\debug\h265encoder_simp.tlog\link.20288-cvtres.read.1.tlog
d:\documents\visual studio 2013\projects\h265encoder_simp\h265encoder_simp\debug\h265encoder_simp.tlog\link.20288-cvtres.write.1.tlog
d:\documents\visual studio 2013\projects\h265encoder_simp\h265encoder_simp\debug\h265encoder_simp.tlog\link.20288-rc.read.1.tlog
d:\documents\visual studio 2013\projects\h265encoder_simp\h265encoder_simp\debug\h265encoder_simp.tlog\link.20288-rc.write.1.tlog
d:\documents\visual studio 2013\projects\h265encoder_simp\h265encoder_simp\debug\h265encoder_simp.tlog\link.20288.read.1.tlog
d:\documents\visual studio 2013\projects\h265encoder_simp\h265encoder_simp\debug\h265encoder_simp.tlog\link.20288.write.1.tlog
d:\documents\visual studio 2013\projects\h265encoder_simp\h265encoder_simp\debug\h265encoder_simp.tlog\link.command.1.tlog
d:\documents\visual studio 2013\projects\h265encoder_simp\h265encoder_simp\debug\h265encoder_simp.tlog\link.read.1.tlog
d:\documents\visual studio 2013\projects\h265encoder_simp\h265encoder_simp\debug\h265encoder_simp.tlog\link.write.1.tlog
