e:\git\encoder\h265_encoder_sim\h265_encoder_sim\debug\vc120.pdb
e:\git\encoder\h265_encoder_sim\h265_encoder_sim\debug\vc120.idb
e:\git\encoder\h265_encoder_sim\h265_encoder_sim\debug\frameencoder.obj
e:\git\encoder\h265_encoder_sim\h265_encoder_sim\debug\framefilter.obj
e:\git\encoder\h265_encoder_sim\h265_encoder_sim\debug\intrapred.obj
e:\git\encoder\h265_encoder_sim\h265_encoder_sim\debug\level.obj
e:\git\encoder\h265_encoder_sim\h265_encoder_sim\debug\main.obj
e:\git\encoder\h265_encoder_sim\h265_encoder_sim\debug\motion.obj
e:\git\encoder\h265_encoder_sim\h265_encoder_sim\debug\nal.obj
e:\git\encoder\h265_encoder_sim\h265_encoder_sim\debug\param.obj
e:\git\encoder\h265_encoder_sim\h265_encoder_sim\debug\piclist.obj
e:\git\encoder\h265_encoder_sim\h265_encoder_sim\debug\picyuv.obj
e:\git\encoder\h265_encoder_sim\h265_encoder_sim\debug\pixel.obj
e:\git\encoder\h265_encoder_sim\h265_encoder_sim\debug\predict.obj
e:\git\encoder\h265_encoder_sim\h265_encoder_sim\debug\primitives.obj
e:\git\encoder\h265_encoder_sim\h265_encoder_sim\debug\quant.obj
e:\git\encoder\h265_encoder_sim\h265_encoder_sim\debug\rdcost.obj
e:\git\encoder\h265_encoder_sim\h265_encoder_sim\debug\scalinglist.obj
e:\git\encoder\h265_encoder_sim\h265_encoder_sim\debug\search.obj
e:\git\encoder\h265_encoder_sim\h265_encoder_sim\debug\shortyuv.obj
e:\git\encoder\h265_encoder_sim\h265_encoder_sim\debug\slice.obj
e:\git\encoder\h265_encoder_sim\h265_encoder_sim\debug\yuv.obj
e:\git\encoder\h265_encoder_sim\h265_encoder_sim\debug\analysis.obj
e:\git\encoder\h265_encoder_sim\h265_encoder_sim\debug\api.obj
e:\git\encoder\h265_encoder_sim\h265_encoder_sim\debug\bitcost.obj
e:\git\encoder\h265_encoder_sim\h265_encoder_sim\debug\bitstream.obj
e:\git\encoder\h265_encoder_sim\h265_encoder_sim\debug\common.obj
e:\git\encoder\h265_encoder_sim\h265_encoder_sim\debug\constants.obj
e:\git\encoder\h265_encoder_sim\h265_encoder_sim\debug\cudata.obj
e:\git\encoder\h265_encoder_sim\h265_encoder_sim\debug\dct.obj
e:\git\encoder\h265_encoder_sim\h265_encoder_sim\debug\dpb.obj
e:\git\encoder\h265_encoder_sim\h265_encoder_sim\debug\encoder.obj
e:\git\encoder\h265_encoder_sim\h265_encoder_sim\debug\entropy.obj
e:\git\encoder\h265_encoder_sim\h265_encoder_sim\debug\frame.obj
e:\git\encoder\h265_encoder_sim\h265_encoder_sim\debug\framedata.obj
e:\git\encoder\h265_encoder_sim\debug\h265_encoder_sim.ilk
e:\git\encoder\h265_encoder_sim\debug\h265_encoder_sim.exe
e:\git\encoder\h265_encoder_sim\debug\h265_encoder_sim.pdb
e:\git\encoder\h265_encoder_sim\h265_encoder_sim\debug\h265_encoder_sim.tlog\cl.command.1.tlog
e:\git\encoder\h265_encoder_sim\h265_encoder_sim\debug\h265_encoder_sim.tlog\cl.read.1.tlog
e:\git\encoder\h265_encoder_sim\h265_encoder_sim\debug\h265_encoder_sim.tlog\cl.write.1.tlog
e:\git\encoder\h265_encoder_sim\h265_encoder_sim\debug\h265_encoder_sim.tlog\link.command.1.tlog
e:\git\encoder\h265_encoder_sim\h265_encoder_sim\debug\h265_encoder_sim.tlog\link.read.1.tlog
e:\git\encoder\h265_encoder_sim\h265_encoder_sim\debug\h265_encoder_sim.tlog\link.write.1.tlog
